<?xml version="1.0" encoding="UTF-8"?>
<testsuite xmlns:xsi="http://www.w3.org/2001/XMLSchema-instance" xsi:noNamespaceSchemaLocation="https://maven.apache.org/surefire/maven-surefire-plugin/xsd/surefire-test-report.xsd" name="users.AddUserTest" time="8.494" tests="5" errors="0" skipped="0" failures="0">
  <properties>
[...]
</properties>
  <testcase name="createWithoutEmailTest" classname="users.AddUserTest" time="1.161"/>
  <testcase name="createSameUserTest" classname="users.AddUserTest" time="2.841"/>
  <testcase name="createWithoutPasswordTest" classname="users.AddUserTest" time="1.254"/>
  <testcase name="createValidUserTest" classname="users.AddUserTest" time="1.932"/>
  <testcase name="createWithoutNameTest" classname="users.AddUserTest" time="1.246"/>
</testsuite>